2016-06-14 13:55:42,441  INFO APIStartApplication:48 - Starting APIStartApplication on DESKTOP-JF9M0VD with PID 10628 (C:\Users\zhangtian\git\SpringBoot\sping-boot-web-chapter07\target\classes started by zhangtian in C:\Users\zhangtian\git\SpringBoot\sping-boot-web-chapter07)
2016-06-14 13:55:42,444  INFO APIStartApplication:670 - The following profiles are active: test
2016-06-14 13:55:42,739  INFO AnnotationConfigEmbeddedWebApplicationContext:578 - Refreshing org.springframework.boot.context.embedded.AnnotationConfigEmbeddedWebApplicationContext@51a3df98: startup date [Tue Jun 14 13:55:42 CST 2016]; root of context hierarchy
2016-06-14 13:55:43,038  INFO Version:30 - HV000001: Hibernate Validator 5.2.4.Final
2016-06-14 13:55:46,355  INFO AutowiredAnnotationBeanPostProcessor:153 - JSR-330 'javax.inject.Inject' annotation found and supported for autowiring
2016-06-14 13:55:46,509  INFO PostProcessorRegistrationDelegate$BeanPostProcessorChecker:328 - Bean 'org.springframework.transaction.annotation.ProxyTransactionManagementConfiguration' of type [class org.springframework.transaction.annotation.ProxyTransactionManagementConfiguration$$EnhancerBySpringCGLIB$$4178d761] is not eligible for getting processed by all BeanPostProcessors (for example: not eligible for auto-proxying)
2016-06-14 13:55:47,159  INFO JettyEmbeddedServletContainerFactory:149 - Server initialized with port: 8080
2016-06-14 13:55:47,163  INFO Server:327 - jetty-9.2.16.v20160414
2016-06-14 13:55:47,244  INFO application:2052 - Initializing Spring embedded WebApplicationContext
2016-06-14 13:55:47,245  INFO ContextLoader:272 - Root WebApplicationContext: initialization completed in 4508 ms
2016-06-14 13:55:49,743  INFO LocalContainerEntityManagerFactoryBean:339 - Building JPA container EntityManagerFactory for persistence unit 'default'
2016-06-14 13:55:49,760  INFO LogHelper:46 - HHH000204: Processing PersistenceUnitInfo [
	name: default
	...]
2016-06-14 13:55:49,872  INFO Version:54 - HHH000412: Hibernate Core {4.3.11.Final}
2016-06-14 13:55:49,876  INFO Environment:239 - HHH000206: hibernate.properties not found
2016-06-14 13:55:49,879  INFO Environment:346 - HHH000021: Bytecode provider name : javassist
2016-06-14 13:55:50,089  INFO Version:66 - HCANN000001: Hibernate Commons Annotations {4.0.5.Final}
2016-06-14 13:55:50,159  INFO Dialect:145 - HHH000400: Using dialect: org.hibernate.dialect.MySQL5Dialect
2016-06-14 13:55:50,214  INFO ASTQueryTranslatorFactory:47 - HHH000397: Using ASTQueryTranslatorFactory
2016-06-14 13:55:50,391  INFO SchemaUpdate:207 - HHH000228: Running hbm2ddl schema update
2016-06-14 13:55:50,392  INFO SchemaUpdate:218 - HHH000102: Fetching database metadata
2016-06-14 13:55:50,394  INFO SchemaUpdate:230 - HHH000396: Updating schema
2016-06-14 13:55:50,395  INFO SchemaUpdate:267 - HHH000232: Schema update complete
2016-06-14 13:55:50,492  INFO PropertiesFactoryBean:172 - Loading properties file from class path resource [rest-default-messages.properties]
2016-06-14 13:55:50,989  INFO ServletRegistrationBean:189 - Mapping servlet: 'dispatcherServlet' to [/]
2016-06-14 13:55:50,994  INFO FilterRegistrationBean:258 - Mapping filter: 'characterEncodingFilter' to: [/*]
2016-06-14 13:55:50,995  INFO FilterRegistrationBean:258 - Mapping filter: 'hiddenHttpMethodFilter' to: [/*]
2016-06-14 13:55:50,995  INFO FilterRegistrationBean:258 - Mapping filter: 'httpPutFormContentFilter' to: [/*]
2016-06-14 13:55:50,996  INFO FilterRegistrationBean:258 - Mapping filter: 'requestContextFilter' to: [/*]
2016-06-14 13:55:51,461  INFO ContextHandler:744 - Started o.s.b.c.e.j.JettyEmbeddedWebAppContext@6c6ff0f1{/,file:/C:/Users/zhangtian/AppData/Local/Temp/jetty-docbase.4112451090826903827.8080/,AVAILABLE}
2016-06-14 13:55:51,462  INFO Server:379 - Started @10432ms
2016-06-14 13:55:52,611  INFO RequestMappingHandlerMapping:534 - Mapped "{[/api/demo/get.do/{id}],methods=[GET]}" onto public java.lang.String cn.itcast.springboot.web.api.APIController.getPathVariable(java.lang.Long)
2016-06-14 13:55:52,619  INFO RequestMappingHandlerMapping:534 - Mapped "{[/demo/getcount],methods=[POST]}" onto public org.springframework.ui.ModelMap cn.itcast.springboot.web.api.DemoController.getCount(javax.servlet.http.HttpServletRequest,javax.servlet.http.HttpServletResponse)
2016-06-14 13:55:52,620  INFO RequestMappingHandlerMapping:534 - Mapped "{[/demo/jsonTest4],methods=[POST]}" onto public org.springframework.http.ResponseEntity<java.lang.String> cn.itcast.springboot.web.api.DemoController.jsonTest4(org.springframework.http.HttpEntity<cn.itcast.springboot.web.api.User>,javax.servlet.http.HttpServletRequest,javax.servlet.http.HttpSession)
2016-06-14 13:55:52,620  INFO RequestMappingHandlerMapping:534 - Mapped "{[/demo/jsonTest6],methods=[POST]}" onto public org.springframework.ui.ModelMap cn.itcast.springboot.web.api.DemoController.jsonTest6(java.lang.String,java.lang.String)
2016-06-14 13:55:52,621  INFO RequestMappingHandlerMapping:534 - Mapped "{[/demo/jsonTest2],methods=[POST]}" onto public org.springframework.ui.ModelMap cn.itcast.springboot.web.api.DemoController.jsonTest2(cn.itcast.springboot.web.api.User)
2016-06-14 13:55:52,626  INFO RequestMappingHandlerMapping:534 - Mapped "{[/demo/jsonTest5],methods=[POST]}" onto public org.springframework.ui.ModelMap cn.itcast.springboot.web.api.DemoController.jsonTest5(org.json.JSONObject)
2016-06-14 13:55:52,627  INFO RequestMappingHandlerMapping:534 - Mapped "{[/demo/jsonTest1],methods=[POST]}" onto public org.springframework.ui.ModelMap cn.itcast.springboot.web.api.DemoController.jsonTest(javax.servlet.http.HttpServletRequest,javax.servlet.http.HttpServletResponse)
2016-06-14 13:55:52,628  INFO RequestMappingHandlerMapping:534 - Mapped "{[/demo/jsonTest3],methods=[POST]}" onto public java.util.List<java.lang.String> cn.itcast.springboot.web.api.DemoController.jsonTest3(javax.servlet.http.HttpServletRequest,javax.servlet.http.HttpServletResponse)
2016-06-14 13:55:52,631  INFO RequestMappingHandlerMapping:534 - Mapped "{[/api/test/demo4],methods=[POST]}" onto public org.springframework.ui.ModelMap cn.itcast.springboot.web.api.SimpleController.getDemob(java.lang.String)
2016-06-14 13:55:52,632  INFO RequestMappingHandlerMapping:534 - Mapped "{[/api/test/demo1],methods=[GET]}" onto public org.springframework.ui.ModelMap cn.itcast.springboot.web.api.SimpleController.getDemo(java.lang.String)
2016-06-14 13:55:52,632  INFO RequestMappingHandlerMapping:534 - Mapped "{[/api/test/demo3],methods=[POST]}" onto public org.springframework.ui.ModelMap cn.itcast.springboot.web.api.SimpleController.getDemoa(cn.itcast.springboot.web.api.User)
2016-06-14 13:55:52,633  INFO RequestMappingHandlerMapping:534 - Mapped "{[/api/test/demo2/{userName}],methods=[POST]}" onto public org.springframework.ui.ModelMap cn.itcast.springboot.web.api.SimpleController.getDemo2(java.lang.String)
2016-06-14 13:55:52,634  INFO RequestMappingHandlerMapping:534 - Mapped "{[/api/test/show],methods=[POST]}" onto public java.lang.String cn.itcast.springboot.web.api.TestController.show(java.lang.String)
2016-06-14 13:55:52,644  INFO RequestMappingHandlerMapping:534 - Mapped "{[/v2/api-docs],methods=[GET],produces=[application/json || application/hal+json]}" onto public org.springframework.http.ResponseEntity<springfox.documentation.spring.web.json.Json> springfox.documentation.swagger2.web.Swagger2Controller.getDocumentation(java.lang.String,javax.servlet.http.HttpServletRequest)
2016-06-14 13:55:52,654  INFO RequestMappingHandlerMapping:534 - Mapped "{[/swagger-resources]}" onto org.springframework.http.ResponseEntity<java.util.List<springfox.documentation.swagger.web.SwaggerResource>> springfox.documentation.swagger.web.ApiResourceController.swaggerResources()
2016-06-14 13:55:52,656  INFO RequestMappingHandlerMapping:534 - Mapped "{[/swagger-resources/configuration/ui]}" onto org.springframework.http.ResponseEntity<springfox.documentation.swagger.web.UiConfiguration> springfox.documentation.swagger.web.ApiResourceController.uiConfiguration()
2016-06-14 13:55:52,657  INFO RequestMappingHandlerMapping:534 - Mapped "{[/swagger-resources/configuration/security]}" onto org.springframework.http.ResponseEntity<springfox.documentation.swagger.web.SecurityConfiguration> springfox.documentation.swagger.web.ApiResourceController.securityConfiguration()
2016-06-14 13:55:52,666  INFO RequestMappingHandlerMapping:534 - Mapped "{[/error]}" onto public org.springframework.http.ResponseEntity<java.util.Map<java.lang.String, java.lang.Object>> org.springframework.boot.autoconfigure.web.BasicErrorController.error(javax.servlet.http.HttpServletRequest)
2016-06-14 13:55:52,667  INFO RequestMappingHandlerMapping:534 - Mapped "{[/error],produces=[text/html]}" onto public org.springframework.web.servlet.ModelAndView org.springframework.boot.autoconfigure.web.BasicErrorController.errorHtml(javax.servlet.http.HttpServletRequest,javax.servlet.http.HttpServletResponse)
2016-06-14 13:55:53,187  INFO RequestMappingHandlerAdapter:539 - Looking for @ControllerAdvice: org.springframework.boot.context.embedded.AnnotationConfigEmbeddedWebApplicationContext@51a3df98: startup date [Tue Jun 14 13:55:42 CST 2016]; root of context hierarchy
2016-06-14 13:55:53,335  INFO SimpleUrlHandlerMapping:341 - Mapped URL path [/webjars/**] onto handler of type [class org.springframework.web.servlet.resource.ResourceHttpRequestHandler]
2016-06-14 13:55:53,335  INFO SimpleUrlHandlerMapping:341 - Mapped URL path [/**] onto handler of type [class org.springframework.web.servlet.resource.ResourceHttpRequestHandler]
2016-06-14 13:55:53,364  INFO ExceptionHandlerExceptionResolver:267 - Detected @ExceptionHandler methods in repositoryRestExceptionHandler
2016-06-14 13:55:53,397  INFO SimpleUrlHandlerMapping:341 - Mapped URL path [/**/favicon.ico] onto handler of type [class org.springframework.web.servlet.resource.ResourceHttpRequestHandler]
2016-06-14 13:55:53,503  WARN ThymeleafAutoConfiguration:90 - Cannot find template location: classpath:/templates/ (please add some templates or check your Thymeleaf configuration)
2016-06-14 13:55:54,339  INFO RepositoryRestHandlerAdapter:539 - Looking for @ControllerAdvice: org.springframework.boot.context.embedded.AnnotationConfigEmbeddedWebApplicationContext@51a3df98: startup date [Tue Jun 14 13:55:42 CST 2016]; root of context hierarchy
2016-06-14 13:55:54,360  INFO RepositoryRestHandlerMapping:534 - Mapped "{[/{repository}],methods=[OPTIONS],produces=[application/hal+json || application/json || application/*+json;charset=UTF-8]}" onto public org.springframework.http.ResponseEntity<?> org.springframework.data.rest.webmvc.RepositoryEntityController.optionsForCollectionResource(org.springframework.data.rest.webmvc.RootResourceInformation)
2016-06-14 13:55:54,361  INFO RepositoryRestHandlerMapping:534 - Mapped "{[/{repository}],methods=[GET],produces=[application/x-spring-data-compact+json || text/uri-list]}" onto public org.springframework.hateoas.Resources<?> org.springframework.data.rest.webmvc.RepositoryEntityController.getCollectionResourceCompact(org.springframework.data.rest.webmvc.RootResourceInformation,org.springframework.data.rest.webmvc.support.DefaultedPageable,org.springframework.data.domain.Sort,org.springframework.data.rest.webmvc.PersistentEntityResourceAssembler) throws org.springframework.data.rest.webmvc.ResourceNotFoundException,org.springframework.web.HttpRequestMethodNotSupportedException
2016-06-14 13:55:54,362  INFO RepositoryRestHandlerMapping:534 - Mapped "{[/{repository}],methods=[HEAD],produces=[application/hal+json || application/json || application/*+json;charset=UTF-8]}" onto public org.springframework.http.ResponseEntity<?> org.springframework.data.rest.webmvc.RepositoryEntityController.headCollectionResource(org.springframework.data.rest.webmvc.RootResourceInformation,org.springframework.data.rest.webmvc.support.DefaultedPageable) throws org.springframework.web.HttpRequestMethodNotSupportedException
2016-06-14 13:55:54,362  INFO RepositoryRestHandlerMapping:534 - Mapped "{[/{repository}],methods=[GET],produces=[application/hal+json || application/json || application/*+json;charset=UTF-8]}" onto public org.springframework.hateoas.Resources<?> org.springframework.data.rest.webmvc.RepositoryEntityController.getCollectionResource(org.springframework.data.rest.webmvc.RootResourceInformation,org.springframework.data.rest.webmvc.support.DefaultedPageable,org.springframework.data.domain.Sort,org.springframework.data.rest.webmvc.PersistentEntityResourceAssembler) throws org.springframework.data.rest.webmvc.ResourceNotFoundException,org.springframework.web.HttpRequestMethodNotSupportedException
2016-06-14 13:55:54,363  INFO RepositoryRestHandlerMapping:534 - Mapped "{[/{repository}],methods=[POST],produces=[application/hal+json || application/json || application/*+json;charset=UTF-8]}" onto public org.springframework.http.ResponseEntity<org.springframework.hateoas.ResourceSupport> org.springframework.data.rest.webmvc.RepositoryEntityController.postCollectionResource(org.springframework.data.rest.webmvc.RootResourceInformation,org.springframework.data.rest.webmvc.PersistentEntityResource,org.springframework.data.rest.webmvc.PersistentEntityResourceAssembler,java.lang.String) throws org.springframework.web.HttpRequestMethodNotSupportedException
2016-06-14 13:55:54,364  INFO RepositoryRestHandlerMapping:534 - Mapped "{[/{repository}/{id}],methods=[GET],produces=[application/hal+json || application/json || application/*+json;charset=UTF-8]}" onto public org.springframework.http.ResponseEntity<org.springframework.hateoas.Resource<?>> org.springframework.data.rest.webmvc.RepositoryEntityController.getItemResource(org.springframework.data.rest.webmvc.RootResourceInformation,java.io.Serializable,org.springframework.data.rest.webmvc.PersistentEntityResourceAssembler,org.springframework.util.MultiValueMap<java.lang.String, java.lang.String>) throws org.springframework.web.HttpRequestMethodNotSupportedException
2016-06-14 13:55:54,364  INFO RepositoryRestHandlerMapping:534 - Mapped "{[/{repository}/{id}],methods=[PUT],produces=[application/hal+json || application/json || application/*+json;charset=UTF-8]}" onto public org.springframework.http.ResponseEntity<? extends org.springframework.hateoas.ResourceSupport> org.springframework.data.rest.webmvc.RepositoryEntityController.putItemResource(org.springframework.data.rest.webmvc.RootResourceInformation,org.springframework.data.rest.webmvc.PersistentEntityResource,java.io.Serializable,org.springframework.data.rest.webmvc.PersistentEntityResourceAssembler,org.springframework.data.rest.webmvc.support.ETag,java.lang.String) throws org.springframework.web.HttpRequestMethodNotSupportedException
2016-06-14 13:55:54,365  INFO RepositoryRestHandlerMapping:534 - Mapped "{[/{repository}/{id}],methods=[OPTIONS],produces=[application/hal+json || application/json || application/*+json;charset=UTF-8]}" onto public org.springframework.http.ResponseEntity<?> org.springframework.data.rest.webmvc.RepositoryEntityController.optionsForItemResource(org.springframework.data.rest.webmvc.RootResourceInformation)
2016-06-14 13:55:54,365  INFO RepositoryRestHandlerMapping:534 - Mapped "{[/{repository}/{id}],methods=[HEAD],produces=[application/hal+json || application/json || application/*+json;charset=UTF-8]}" onto public org.springframework.http.ResponseEntity<?> org.springframework.data.rest.webmvc.RepositoryEntityController.headForItemResource(org.springframework.data.rest.webmvc.RootResourceInformation,java.io.Serializable,org.springframework.data.rest.webmvc.PersistentEntityResourceAssembler) throws org.springframework.web.HttpRequestMethodNotSupportedException
2016-06-14 13:55:54,366  INFO RepositoryRestHandlerMapping:534 - Mapped "{[/{repository}/{id}],methods=[PATCH],produces=[application/hal+json || application/json || application/*+json;charset=UTF-8]}" onto public org.springframework.http.ResponseEntity<org.springframework.hateoas.ResourceSupport> org.springframework.data.rest.webmvc.RepositoryEntityController.patchItemResource(org.springframework.data.rest.webmvc.RootResourceInformation,org.springframework.data.rest.webmvc.PersistentEntityResource,java.io.Serializable,org.springframework.data.rest.webmvc.PersistentEntityResourceAssembler,org.springframework.data.rest.webmvc.support.ETag,java.lang.String) throws org.springframework.web.HttpRequestMethodNotSupportedException,org.springframework.data.rest.webmvc.ResourceNotFoundException
2016-06-14 13:55:54,366  INFO RepositoryRestHandlerMapping:534 - Mapped "{[/{repository}/{id}],methods=[DELETE],produces=[application/hal+json || application/json || application/*+json;charset=UTF-8]}" onto public org.springframework.http.ResponseEntity<?> org.springframework.data.rest.webmvc.RepositoryEntityController.deleteItemResource(org.springframework.data.rest.webmvc.RootResourceInformation,java.io.Serializable,org.springframework.data.rest.webmvc.support.ETag) throws org.springframework.data.rest.webmvc.ResourceNotFoundException,org.springframework.web.HttpRequestMethodNotSupportedException
2016-06-14 13:55:54,369  INFO RepositoryRestHandlerMapping:534 - Mapped "{[/ || ],methods=[GET],produces=[application/hal+json || application/json || application/*+json;charset=UTF-8]}" onto public org.springframework.http.HttpEntity<org.springframework.data.rest.webmvc.RepositoryLinksResource> org.springframework.data.rest.webmvc.RepositoryController.listRepositories()
2016-06-14 13:55:54,369  INFO RepositoryRestHandlerMapping:534 - Mapped "{[/ || ],methods=[OPTIONS],produces=[application/hal+json || application/json || application/*+json;charset=UTF-8]}" onto public org.springframework.http.HttpEntity<?> org.springframework.data.rest.webmvc.RepositoryController.optionsForRepositories()
2016-06-14 13:55:54,370  INFO RepositoryRestHandlerMapping:534 - Mapped "{[/ || ],methods=[HEAD],produces=[application/hal+json || application/json || application/*+json;charset=UTF-8]}" onto public org.springframework.http.ResponseEntity<?> org.springframework.data.rest.webmvc.RepositoryController.headForRepositories()
2016-06-14 13:55:54,374  INFO RepositoryRestHandlerMapping:534 - Mapped "{[/{repository}/{id}/{property}],methods=[GET],produces=[application/x-spring-data-compact+json || text/uri-list]}" onto public org.springframework.http.ResponseEntity<org.springframework.hateoas.ResourceSupport> org.springframework.data.rest.webmvc.RepositoryPropertyReferenceController.followPropertyReferenceCompact(org.springframework.data.rest.webmvc.RootResourceInformation,java.io.Serializable,java.lang.String,org.springframework.data.rest.webmvc.PersistentEntityResourceAssembler) throws java.lang.Exception
2016-06-14 13:55:54,375  INFO RepositoryRestHandlerMapping:534 - Mapped "{[/{repository}/{id}/{property}],methods=[GET],produces=[application/hal+json || application/json || application/*+json;charset=UTF-8]}" onto public org.springframework.http.ResponseEntity<org.springframework.hateoas.ResourceSupport> org.springframework.data.rest.webmvc.RepositoryPropertyReferenceController.followPropertyReference(org.springframework.data.rest.webmvc.RootResourceInformation,java.io.Serializable,java.lang.String,org.springframework.data.rest.webmvc.PersistentEntityResourceAssembler) throws java.lang.Exception
2016-06-14 13:55:54,376  INFO RepositoryRestHandlerMapping:534 - Mapped "{[/{repository}/{id}/{property}/{propertyId}],methods=[GET],produces=[application/hal+json || application/json || application/*+json;charset=UTF-8]}" onto public org.springframework.http.ResponseEntity<org.springframework.hateoas.ResourceSupport> org.springframework.data.rest.webmvc.RepositoryPropertyReferenceController.followPropertyReference(org.springframework.data.rest.webmvc.RootResourceInformation,java.io.Serializable,java.lang.String,java.lang.String,org.springframework.data.rest.webmvc.PersistentEntityResourceAssembler) throws java.lang.Exception
2016-06-14 13:55:54,377  INFO RepositoryRestHandlerMapping:534 - Mapped "{[/{repository}/{id}/{property}],methods=[PATCH || PUT || POST],consumes=[application/json || application/x-spring-data-compact+json || text/uri-list],produces=[application/hal+json || application/json || application/*+json;charset=UTF-8]}" onto public org.springframework.http.ResponseEntity<? extends org.springframework.hateoas.ResourceSupport> org.springframework.data.rest.webmvc.RepositoryPropertyReferenceController.createPropertyReference(org.springframework.data.rest.webmvc.RootResourceInformation,org.springframework.http.HttpMethod,org.springframework.hateoas.Resources<java.lang.Object>,java.io.Serializable,java.lang.String) throws java.lang.Exception
2016-06-14 13:55:54,378  INFO RepositoryRestHandlerMapping:534 - Mapped "{[/{repository}/{id}/{property}],methods=[DELETE],produces=[application/hal+json || application/json || application/*+json;charset=UTF-8]}" onto public org.springframework.http.ResponseEntity<? extends org.springframework.hateoas.ResourceSupport> org.springframework.data.rest.webmvc.RepositoryPropertyReferenceController.deletePropertyReference(org.springframework.data.rest.webmvc.RootResourceInformation,java.io.Serializable,java.lang.String) throws java.lang.Exception
2016-06-14 13:55:54,379  INFO RepositoryRestHandlerMapping:534 - Mapped "{[/{repository}/{id}/{property}/{propertyId}],methods=[DELETE],produces=[application/hal+json || application/json || application/*+json;charset=UTF-8]}" onto public org.springframework.http.ResponseEntity<org.springframework.hateoas.ResourceSupport> org.springframework.data.rest.webmvc.RepositoryPropertyReferenceController.deletePropertyReferenceId(org.springframework.data.rest.webmvc.RootResourceInformation,java.io.Serializable,java.lang.String,java.lang.String) throws java.lang.Exception
2016-06-14 13:55:54,382  INFO RepositoryRestHandlerMapping:534 - Mapped "{[/{repository}/search],methods=[OPTIONS],produces=[application/hal+json || application/json || application/*+json;charset=UTF-8]}" onto public org.springframework.http.HttpEntity<?> org.springframework.data.rest.webmvc.RepositorySearchController.optionsForSearches(org.springframework.data.rest.webmvc.RootResourceInformation)
2016-06-14 13:55:54,382  INFO RepositoryRestHandlerMapping:534 - Mapped "{[/{repository}/search/{search}],methods=[OPTIONS],produces=[application/hal+json || application/json || application/*+json;charset=UTF-8]}" onto public org.springframework.http.ResponseEntity<java.lang.Object> org.springframework.data.rest.webmvc.RepositorySearchController.optionsForSearch(org.springframework.data.rest.webmvc.RootResourceInformation,java.lang.String)
2016-06-14 13:55:54,383  INFO RepositoryRestHandlerMapping:534 - Mapped "{[/{repository}/search],methods=[HEAD],produces=[application/hal+json || application/json || application/*+json;charset=UTF-8]}" onto public org.springframework.http.HttpEntity<?> org.springframework.data.rest.webmvc.RepositorySearchController.headForSearches(org.springframework.data.rest.webmvc.RootResourceInformation)
2016-06-14 13:55:54,383  INFO RepositoryRestHandlerMapping:534 - Mapped "{[/{repository}/search/{search}],methods=[GET],produces=[application/x-spring-data-compact+json]}" onto public org.springframework.hateoas.ResourceSupport org.springframework.data.rest.webmvc.RepositorySearchController.executeSearchCompact(org.springframework.data.rest.webmvc.RootResourceInformation,org.springframework.util.MultiValueMap<java.lang.String, java.lang.Object>,java.lang.String,java.lang.String,org.springframework.data.rest.webmvc.support.DefaultedPageable,org.springframework.data.domain.Sort,org.springframework.data.rest.webmvc.PersistentEntityResourceAssembler)
2016-06-14 13:55:54,383  INFO RepositoryRestHandlerMapping:534 - Mapped "{[/{repository}/search/{search}],methods=[GET],produces=[application/hal+json || application/json || application/*+json;charset=UTF-8]}" onto public org.springframework.http.ResponseEntity<java.lang.Object> org.springframework.data.rest.webmvc.RepositorySearchController.executeSearch(org.springframework.data.rest.webmvc.RootResourceInformation,org.springframework.util.MultiValueMap<java.lang.String, java.lang.Object>,java.lang.String,org.springframework.data.rest.webmvc.support.DefaultedPageable,org.springframework.data.domain.Sort,org.springframework.data.rest.webmvc.PersistentEntityResourceAssembler)
2016-06-14 13:55:54,384  INFO RepositoryRestHandlerMapping:534 - Mapped "{[/{repository}/search],methods=[GET],produces=[application/hal+json || application/json || application/*+json;charset=UTF-8]}" onto public org.springframework.data.rest.webmvc.RepositorySearchesResource org.springframework.data.rest.webmvc.RepositorySearchController.listSearches(org.springframework.data.rest.webmvc.RootResourceInformation)
2016-06-14 13:55:54,384  INFO RepositoryRestHandlerMapping:534 - Mapped "{[/{repository}/search/{search}],methods=[HEAD],produces=[application/hal+json || application/json || application/*+json;charset=UTF-8]}" onto public org.springframework.http.ResponseEntity<java.lang.Object> org.springframework.data.rest.webmvc.RepositorySearchController.headForSearch(org.springframework.data.rest.webmvc.RootResourceInformation,java.lang.String)
2016-06-14 13:55:54,387  INFO BasePathAwareHandlerMapping:534 - Mapped "{[/profile],methods=[GET]}" onto org.springframework.http.HttpEntity<org.springframework.hateoas.ResourceSupport> org.springframework.data.rest.webmvc.ProfileController.listAllFormsOfMetadata()
2016-06-14 13:55:54,388  INFO BasePathAwareHandlerMapping:534 - Mapped "{[/profile],methods=[OPTIONS]}" onto public org.springframework.http.HttpEntity<?> org.springframework.data.rest.webmvc.ProfileController.profileOptions()
2016-06-14 13:55:54,388  INFO BasePathAwareHandlerMapping:534 - Mapped "{[/profile/{repository}],methods=[GET],produces=[application/schema+json]}" onto public org.springframework.http.HttpEntity<org.springframework.data.rest.webmvc.json.JsonSchema> org.springframework.data.rest.webmvc.RepositorySchemaController.schema(org.springframework.data.rest.webmvc.RootResourceInformation)
2016-06-14 13:55:54,390  INFO BasePathAwareHandlerMapping:534 - Mapped "{[/profile/{repository}],methods=[GET],produces=[application/alps+json || */*]}" onto org.springframework.http.HttpEntity<org.springframework.data.rest.webmvc.RootResourceInformation> org.springframework.data.rest.webmvc.alps.AlpsController.descriptor(org.springframework.data.rest.webmvc.RootResourceInformation)
2016-06-14 13:55:54,390  INFO BasePathAwareHandlerMapping:534 - Mapped "{[/profile/{repository}],methods=[OPTIONS],produces=[application/alps+json]}" onto org.springframework.http.HttpEntity<?> org.springframework.data.rest.webmvc.alps.AlpsController.alpsOptions()
2016-06-14 13:55:54,413  INFO ExceptionHandlerExceptionResolver:267 - Detected @ExceptionHandler methods in repositoryRestExceptionHandler
2016-06-14 13:55:54,587  INFO OptionalLiveReloadServer:58 - LiveReload server is running on port 35729
2016-06-14 13:55:54,898  INFO AnnotationMBeanExporter:431 - Registering beans for JMX exposure on startup
2016-06-14 13:55:54,912  INFO DefaultLifecycleProcessor:341 - Starting beans in phase 2147483647
2016-06-14 13:55:54,912  INFO DocumentationPluginsBootstrapper:120 - Context refreshed
2016-06-14 13:55:54,943  INFO DocumentationPluginsBootstrapper:123 - Found 2 custom documentation plugin(s)
2016-06-14 13:55:54,958  INFO ApiListingReferenceScanner:44 - Scanning for api listing references
2016-06-14 13:55:55,275  INFO ApiListingReferenceScanner:44 - Scanning for api listing references
2016-06-14 13:55:55,325  INFO application:2052 - Initializing Spring FrameworkServlet 'dispatcherServlet'
2016-06-14 13:55:55,325  INFO DispatcherServlet:487 - FrameworkServlet 'dispatcherServlet': initialization started
2016-06-14 13:55:55,340  INFO DispatcherServlet:506 - FrameworkServlet 'dispatcherServlet': initialization completed in 15 ms
2016-06-14 13:55:55,358  INFO ServerConnector:266 - Started ServerConnector@38300f01{HTTP/1.1}{0.0.0.0:8080}
2016-06-14 13:55:55,361  INFO JettyEmbeddedServletContainer:121 - Jetty started on port(s) 8080 (http/1.1)
2016-06-14 13:55:55,369  INFO APIStartApplication:57 - Started APIStartApplication in 13.531 seconds (JVM running for 14.339)
2016-06-14 14:02:07,270  INFO SpringApplicationAdminMXBeanRegistrar$SpringApplicationAdmin:122 - Application shutdown requested.
2016-06-14 14:02:07,270  INFO AnnotationConfigEmbeddedWebApplicationContext:960 - Closing org.springframework.boot.context.embedded.AnnotationConfigEmbeddedWebApplicationContext@51a3df98: startup date [Tue Jun 14 13:55:42 CST 2016]; root of context hierarchy
2016-06-14 14:02:07,277  INFO DefaultLifecycleProcessor:356 - Stopping beans in phase 2147483647
2016-06-14 14:02:07,288  INFO AnnotationMBeanExporter:449 - Unregistering JMX-exposed beans on shutdown
2016-06-14 14:02:07,306  INFO LocalContainerEntityManagerFactoryBean:481 - Closing JPA EntityManagerFactory for persistence unit 'default'
2016-06-14 14:02:07,320  INFO ServerConnector:306 - Stopped ServerConnector@38300f01{HTTP/1.1}{0.0.0.0:8080}
2016-06-14 14:02:07,321  INFO application:2052 - Destroying Spring FrameworkServlet 'dispatcherServlet'
2016-06-14 14:02:07,322  INFO ContextHandler:865 - Stopped o.s.b.c.e.j.JettyEmbeddedWebAppContext@6c6ff0f1{/,file:/C:/Users/zhangtian/AppData/Local/Temp/jetty-docbase.4112451090826903827.8080/,UNAVAILABLE}
